<?xml version="1.0" encoding="UTF-8"?>
<!-- Generated by org.testng.reporters.JUnitXMLReporter -->
<testsuite ignored="9" hostname="LAPTOP-IJHO8QFI" failures="0" tests="1" name="Naukri Suite" time="0.237" errors="0" timestamp="2024-10-13T23:04:37 IST">
  <testcase classname="Naukri_refresh.Naukri_refresh.Browser" name="testMethod1" time="0.09"/>
  <testcase classname="Naukri_refresh.Naukri_refresh.Browser" name="testMethod9" time="0.0">
    <ignored/>
  </testcase> <!-- testMethod9 -->
  <testcase classname="Naukri_refresh.Naukri_refresh.Browser" name="testMethod10" time="0.0">
    <ignored/>
  </testcase> <!-- testMethod10 -->
  <testcase classname="Naukri_refresh.Naukri_refresh.Browser" name="testMethod8" time="0.0">
    <ignored/>
  </testcase> <!-- testMethod8 -->
  <testcase classname="Naukri_refresh.Naukri_refresh.Browser" name="testMethod7" time="0.0">
    <ignored/>
  </testcase> <!-- testMethod7 -->
  <testcase classname="Naukri_refresh.Naukri_refresh.Browser" name="testMethod6" time="0.0">
    <ignored/>
  </testcase> <!-- testMethod6 -->
  <testcase classname="Naukri_refresh.Naukri_refresh.Browser" name="testMethod5" time="0.0">
    <ignored/>
  </testcase> <!-- testMethod5 -->
  <testcase classname="Naukri_refresh.Naukri_refresh.Browser" name="testMethod4" time="0.0">
    <ignored/>
  </testcase> <!-- testMethod4 -->
  <testcase classname="Naukri_refresh.Naukri_refresh.Browser" name="testMethod3" time="0.0">
    <ignored/>
  </testcase> <!-- testMethod3 -->
  <testcase classname="Naukri_refresh.Naukri_refresh.Browser" name="testMethod2" time="0.0">
    <ignored/>
  </testcase> <!-- testMethod2 -->
</testsuite> <!-- Naukri Suite -->
