<?xml version="1.0" encoding="UTF-8"?>
<!-- Generated by org.testng.reporters.JUnitXMLReporter -->
<testsuite ignored="5" hostname="LAPTOP-IJHO8QFI" failures="2" tests="7" name="TestGroup1" time="0.41" errors="0" timestamp="2024-10-13T23:13:23 IST">
  <testcase classname="Naukri_refresh.Naukri_refresh.Browser" name="testMethod1" time="0.156"/>
  <testcase classname="Naukri_refresh.Naukri_refresh.Browser" name="testMethod3" time="0.003"/>
  <testcase classname="Naukri_refresh.Naukri_refresh.Browser" name="testMethod5" time="0.003"/>
  <testcase classname="Naukri_refresh.Naukri_refresh.Browser" name="testMethod7" time="0.003"/>
  <testcase classname="Naukri_refresh.Naukri_refresh.Browser" name="testMethod9" time="0.005"/>
  <testcase classname="Naukri_refresh.Naukri_refresh.Browser" name="browser" time="0.0">
    <failure type="org.testng.TestNGException" message="
Parameter &amp;apos;browser&amp;apos; is required by @Test on method browser but has not been marked @Optional or defined
in C:\Users\Sunidhi\Documents\workspace-spring-tool-suite-4-4.21.1.RELEASE\Naukri_refresh\Runner.xml">
      <![CDATA[org.testng.TestNGException: 
Parameter 'browser' is required by @Test on method browser but has not been marked @Optional or defined
in C:\Users\Sunidhi\Documents\workspace-spring-tool-suite-4-4.21.1.RELEASE\Naukri_refresh\Runner.xml
at java.base/java.util.ArrayList.forEach(ArrayList.java:1511)
... Removed 26 stack frames]]>
    </failure>
  </testcase> <!-- browser -->
  <testcase classname="Naukri_refresh.Naukri_refresh.Browser" name="second" time="0.003">
    <failure type="java.lang.NullPointerException" message="Cannot invoke &amp;quot;org.openqa.selenium.WebDriver.manage()&amp;quot; because &amp;quot;Naukri_refresh.Naukri_refresh.Browser.driver&amp;quot; is null">
      <![CDATA[java.lang.NullPointerException: Cannot invoke "org.openqa.selenium.WebDriver.manage()" because "Naukri_refresh.Naukri_refresh.Browser.driver" is null
at Naukri_refresh.Naukri_refresh.Browser.second(Browser.java:113)
at java.base/java.util.ArrayList.forEach(ArrayList.java:1511)
... Removed 27 stack frames]]>
    </failure>
  </testcase> <!-- second -->
  <testcase classname="Naukri_refresh.Naukri_refresh.Browser" name="testMethod10" time="0.0">
    <ignored/>
  </testcase> <!-- testMethod10 -->
  <testcase classname="Naukri_refresh.Naukri_refresh.Browser" name="testMethod8" time="0.0">
    <ignored/>
  </testcase> <!-- testMethod8 -->
  <testcase classname="Naukri_refresh.Naukri_refresh.Browser" name="testMethod6" time="0.0">
    <ignored/>
  </testcase> <!-- testMethod6 -->
  <testcase classname="Naukri_refresh.Naukri_refresh.Browser" name="testMethod4" time="0.0">
    <ignored/>
  </testcase> <!-- testMethod4 -->
  <testcase classname="Naukri_refresh.Naukri_refresh.Browser" name="testMethod2" time="0.0">
    <ignored/>
  </testcase> <!-- testMethod2 -->
</testsuite> <!-- TestGroup1 -->
