<?xml version="1.0" encoding="UTF-8"?>
<testng-results ignored="0" total="1" passed="1" failed="0" skipped="0">
  <reporter-output>
  </reporter-output>
  <suite started-at="2024-10-13T19:18:45 IST" name="Surefire suite" finished-at="2024-10-13T19:18:46 IST" duration-ms="152">
    <groups>
    </groups>
    <test started-at="2024-10-13T19:18:45 IST" name="Surefire test" finished-at="2024-10-13T19:18:46 IST" duration-ms="152">
      <class name="Naukri_refresh.Naukri_refresh.AppTest">
        <test-method signature="testApp()" started-at="2024-10-13T19:18:45 IST" name="testApp" finished-at="2024-10-13T19:18:45 IST" duration-ms="54" status="PASS">
          <reporter-output>
          </reporter-output>
        </test-method> <!-- testApp -->
      </class> <!-- Naukri_refresh.Naukri_refresh.AppTest -->
    </test> <!-- Surefire test -->
  </suite> <!-- Surefire suite -->
</testng-results>
