<?xml version="1.0" encoding="UTF-8"?>
<testsuite xmlns:xsi="http://www.w3.org/2001/XMLSchema-instance" xsi:noNamespaceSchemaLocation="https://maven.apache.org/surefire/maven-surefire-plugin/xsd/surefire-test-report.xsd" name="Naukri_refresh.Naukri_refresh.AppTest" time="0.746" tests="1" errors="0" skipped="0" failures="0">
  <properties>
[...]
</properties>
  <testcase name="testApp on testApp(Naukri_refresh.Naukri_refresh.AppTest)" classname="Naukri_refresh.Naukri_refresh.AppTest" time="0.043"/>
</testsuite>