<?xml version="1.0" encoding="UTF-8"?>
<testng-results ignored="0" total="1" passed="1" failed="0" skipped="0">
  <reporter-output>
  </reporter-output>
  <suite started-at="2024-10-13T23:27:10 IST" name="Default suite" finished-at="2024-10-13T23:27:23 IST" duration-ms="12819">
    <groups>
    </groups>
    <test started-at="2024-10-13T23:27:10 IST" name="Default test" finished-at="2024-10-13T23:27:23 IST" duration-ms="12819">
      <class name="Naukri_refresh.Naukri_refresh.Naukri">
        <test-method signature="ma()[pri:0, instance:Naukri_refresh.Naukri_refresh.Naukri@3ed242a4]" started-at="2024-10-13T23:27:10 IST" name="ma" finished-at="2024-10-13T23:27:23 IST" duration-ms="12661" status="PASS">
          <reporter-output>
          </reporter-output>
        </test-method> <!-- ma -->
      </class> <!-- Naukri_refresh.Naukri_refresh.Naukri -->
    </test> <!-- Default test -->
  </suite> <!-- Default suite -->
</testng-results>
